\BOOKMARK [1][-]{section.1}{\376\377\000T\000e\000o\000r\000i\000j\000a\000\040\000a\000p\000r\000o\000k\000s\000i\000m\000a\000c\000i\000j\000e}{}% 1
\BOOKMARK [2][-]{subsection.1.1}{\376\377\000A\000p\000r\000o\000k\000s\000i\000m\000a\000c\000i\000j\000a\000\040\000f\000u\000n\000k\000c\000i\000j}{section.1}% 2
\BOOKMARK [3][-]{subsubsection.1.1.1}{\376\377\000S\000p\000l\000o\001\141\000e\000n\000\040\000o\000p\000t\000i\000m\000a\000l\000n\000i\000\040\000a\000p\000r\000o\000k\000s\000i\000m\000a\000c\000i\000j\000s\000k\000i\000\040\000p\000r\000o\000b\000l\000e\000m}{subsection.1.1}% 3
\BOOKMARK [2][-]{subsection.1.2}{\376\377\000A\000p\000r\000o\000k\000s\000i\000m\000a\000c\000i\000j\000a\000\040\000p\000o\000\040\000m\000e\000t\000o\000d\000i\000\040\000n\000a\000j\000m\000a\000n\000j\001\141\000i\000h\000\040\000k\000v\000a\000d\000r\000a\000t\000o\000v\000\040\000\050\000M\000N\000K\000\051}{section.1}% 4
\BOOKMARK [3][-]{subsubsection.1.2.1}{\376\377\000N\000o\000r\000m\000a\000l\000n\000i\000\040\000o\000z\000i\000r\000o\000m\000a\000\040\000G\000r\000a\000m\000o\000v\000\040\000s\000i\000s\000t\000e\000m\000\040\000e\000n\000a\001\015\000b}{subsection.1.2}% 5
\BOOKMARK [3][-]{subsubsection.1.2.2}{\376\377\000P\000o\000v\000e\000z\000a\000v\000a\000\040\000s\000\040\000p\000r\000e\000d\000o\000l\000o\001\015\000e\000n\000i\000m\000i\000\040\000s\000i\000s\000t\000e\000m\000i\000\040\000e\000n\000a\001\015\000b}{subsection.1.2}% 6
\BOOKMARK [2][-]{subsection.1.3}{\376\377\000E\000n\000a\000k\000o\000m\000e\000r\000n\000a\000\040\000a\000p\000r\000o\000k\000s\000i\000m\000a\000c\000i\000j\000a\000\040\000z\000v\000e\000z\000n\000i\000h\000\040\000f\000u\000n\000k\000c\000i\000j\000\040\000s\000\040\000p\000o\000l\000i\000n\000o\000m\000i}{section.1}% 7
\BOOKMARK [1][-]{section.2}{\376\377\000I\000n\000t\000e\000r\000p\000o\000l\000a\000c\000i\000j\000a}{}% 8
\BOOKMARK [2][-]{subsection.2.1}{\376\377\000P\000o\000l\000i\000n\000o\000m\000s\000k\000a\000\040\000i\000n\000t\000e\000r\000p\000o\000l\000a\000c\000i\000j\000a}{section.2}% 9
\BOOKMARK [3][-]{subsubsection.2.1.1}{\376\377\000L\000a\000g\000r\000a\000n\000g\000e\000v\000a\000\040\000o\000b\000l\000i\000k\000a\000\040\000z\000a\000p\000i\000s\000a\000\040\000i\000n\000t\000e\000r\000p\000o\000l\000a\000c\000i\000j\000s\000k\000e\000g\000a\000\040\000p\000o\000l\000i\000n\000o\000m\000a}{subsection.2.1}% 10
\BOOKMARK [3][-]{subsubsection.2.1.2}{\376\377\000N\000e\000w\000t\000o\000n\000o\000v\000a\000\040\000o\000b\000l\000i\000k\000a\000\040\000z\000a\000p\000i\000s\000a\000\040\000i\000n\000t\000e\000r\000p\000o\000l\000a\000c\000i\000j\000s\000k\000e\000g\000a\000\040\000p\000o\000l\000i\000n\000o\000m\000a}{subsection.2.1}% 11
\BOOKMARK [4][-]{subsubsubsection.2.1.2.1}{\376\377\000T\000r\000i\000k\000o\000t\000n\000a\000\040\000s\000h\000e\000m\000a}{subsubsection.2.1.2}% 12
\BOOKMARK [4][-]{subsubsubsection.2.1.2.2}{\376\377\000P\000o\000s\000p\000l\000o\001\141\000i\000t\000e\000v\000\040\000d\000e\000l\000j\000e\000n\000e\000\040\000d\000i\000f\000e\000r\000e\000n\000c\000e}{subsubsection.2.1.2}% 13
\BOOKMARK [4][-]{subsubsubsection.2.1.2.3}{\376\377\000P\000o\000s\000p\000l\000o\001\141\000i\000t\000e\000v\000\040\000r\000e\000k\000u\000r\000z\000i\000v\000n\000e\000\040\000f\000o\000r\000m\000u\000l\000e}{subsubsection.2.1.2}% 14
\BOOKMARK [4][-]{subsubsubsection.2.1.2.4}{\376\377\000O\000d\000s\000e\000k\000o\000m\000a\000\040\000p\000o\000l\000i\000n\000o\000m\000s\000k\000e\000\040\000f\000u\000n\000k\000c\000i\000j\000e\000\040\000\050\000z\000l\000e\000p\000k\000i\000\051}{subsubsection.2.1.2}% 15
\BOOKMARK [1][-]{section.3}{\376\377\000N\000u\000m\000e\000r\000i\001\015\000n\000o\000\040\000o\000d\000v\000a\000j\000a\000n\000j\000e}{}% 16
\BOOKMARK [2][-]{subsection.3.1}{\376\377\000I\000d\000e\000j\000a\000\040\000z\000a\000\040\000i\000z\000p\000e\000l\000j\000a\000v\000o\000\040\000a\000p\000r\000o\000k\000s\000i\000m\000a\000c\000i\000j\000s\000k\000i\000h\000\040\000f\000o\000r\000m\000u\000l}{section.3}% 17
\BOOKMARK [1][-]{section.4}{\376\377\000N\000u\000m\000e\000r\000i\001\015\000n\000a\000\040\000i\000n\000t\000e\000g\000r\000i\000r\000a\000c\000i\000j\000a}{}% 18
\BOOKMARK [2][-]{subsection.4.1}{\376\377\000N\000e\000k\000a\000j\000\040\000o\000s\000n\000o\000v\000n\000i\000h\000\040\000N\000e\000w\000t\000o\000n\000-\000C\000o\000t\000e\000s\000o\000v\000i\000h\000\040\000\050\000N\000-\000C\000\051\000\040\000p\000r\000a\000v\000i\000l}{section.4}% 19
\BOOKMARK [3][-]{subsubsection.4.1.1}{\376\377\000A\000l\000t\000e\000r\000n\000a\000t\000i\000v\000n\000a\000\040\000i\000z\000p\000e\000l\000j\000a\000v\000a\000\040\000i\000n\000t\000e\000g\000r\000a\000c\000i\000j\000s\000k\000i\000h\000\040\000p\000r\000a\000v\000i\000l\000\040\000-\000\040\000m\000e\000t\000o\000d\000a\000\040\000n\000e\000d\000o\000l\000o\001\015\000e\000n\000i\000h\000\040\000k\000o\000e\000f\000i\000c\000i\000e\000n\000t\000o\000v}{subsection.4.1}% 20
\BOOKMARK [2][-]{subsection.4.2}{\376\377\000N\000u\000m\000e\000r\000i\001\015\000n\000e\000\040\000n\000a\000p\000a\000k\000e\000\040\000p\000r\000i\000\040\000i\000n\000t\000e\000g\000r\000a\000c\000i\000j\000s\000k\000i\000h\000\040\000p\000r\000a\000v\000i\000l\000i\000h}{section.4}% 21
\BOOKMARK [2][-]{subsection.4.3}{\376\377\000S\000e\000s\000t\000a\000v\000l\000j\000e\000n\000a\000\040\000i\000n\000t\000e\000g\000r\000a\000c\000i\000j\000s\000k\000a\000\040\000p\000r\000a\000v\000i\000l\000a}{section.4}% 22
\BOOKMARK [3][-]{subsubsection.4.3.1}{\376\377\000S\000e\000s\000t\000a\000v\000l\000j\000e\000n\000o\000\040\000t\000r\000a\000p\000e\000z\000n\000o\000\040\000p\000r\000a\000v\000i\000l\000o}{subsection.4.3}% 23
\BOOKMARK [3][-]{subsubsection.4.3.2}{\376\377\000S\000e\000s\000t\000a\000v\000l\000j\000e\000n\000o\000\040\000S\000i\000m\000p\000s\000o\000n\000o\000v\000o\000\040\000p\000r\000a\000v\000i\000l\000o}{subsection.4.3}% 24
\BOOKMARK [3][-]{subsubsection.4.3.3}{\376\377\000O\000c\000e\000n\000a\000\040\000n\000a\000p\000a\000k\000e\000\040\000i\000n\000\040\000R\000i\000c\000h\000a\000r\000d\000s\000o\000n\000o\000v\000a\000\040\000e\000k\000s\000t\000r\000a\000p\000o\000l\000a\000c\000i\000j\000a}{subsection.4.3}% 25
\BOOKMARK [2][-]{subsection.4.4}{\376\377\000G\000a\000u\000s\000s\000o\000v\000a\000\040\000i\000n\000t\000e\000g\000r\000a\000c\000i\000j\000s\000k\000a\000\040\000p\000r\000a\000v\000i\000l\000a}{section.4}% 26
\BOOKMARK [2][-]{subsection.4.5}{\376\377\000I\000n\000t\000e\000g\000r\000a\000l\000i\000\040\000v\000\040\000v\000e\001\015\000\040\000d\000i\000m\000e\000n\000z\000i\000j\000a\000h}{section.4}% 27
\BOOKMARK [3][-]{subsubsection.4.5.1}{\376\377\000D\000v\000o\000j\000n\000i\000\040\000i\000n\000t\000e\000g\000r\000a\000l}{subsection.4.5}% 28
\BOOKMARK [3][-]{subsubsection.4.5.2}{\376\377\000T\000e\000n\000z\000o\000r\000s\000k\000a\000\040\000p\000r\000a\000v\000i\000l\000a}{subsection.4.5}% 29
\BOOKMARK [3][-]{subsubsection.4.5.3}{\376\377\000S\000i\000m\000p\000s\000o\000n\000o\000v\000o\000\040\000p\000r\000a\000v\000i\000l\000o}{subsection.4.5}% 30
\BOOKMARK [3][-]{subsubsection.4.5.4}{\376\377\000M\000e\000t\000o\000d\000a\000\040\000M\000o\000n\000t\000e\000-\000C\000a\000r\000l\000o}{subsection.4.5}% 31
\BOOKMARK [1][-]{section.5}{\376\377\000N\000u\000m\000e\000r\000i\001\015\000n\000o\000\040\000r\000e\001\141\000e\000v\000a\000n\000j\000e\000\040\000n\000a\000v\000a\000d\000n\000i\000h\000\040\000d\000i\000f\000e\000r\000e\000n\000c\000i\000a\000l\000n\000i\000h\000\040\000e\000n\000a\001\015\000b}{}% 32
\BOOKMARK [2][-]{subsubsection.5.0.1}{\376\377\000Z\000a\001\015\000e\000t\000n\000i\000\040\000p\000r\000o\000b\000l\000e\000m\000\040\000r\000e\000d\000a\000\040\0001}{section.5}% 33
\BOOKMARK [3][-]{subsubsection.5.0.2}{\376\377\000Z\000a\001\015\000e\000t\000n\000i\000\040\000p\000r\000o\000b\000l\000e\000m\000\040\000r\000e\000d\000a\000\040\000p}{subsubsection.5.0.1}% 34
\BOOKMARK [3][-]{subsubsection.5.0.3}{\376\377\000R\000o\000b\000n\000i\000\040\000p\000r\000o\000b\000l\000e\000m\000i}{subsubsection.5.0.1}% 35
\BOOKMARK [2][-]{subsection.5.1}{\376\377\000G\000l\000o\000b\000a\000l\000n\000a\000\040\000i\000n\000\040\000l\000o\000k\000a\000l\000n\000a\000\040\000n\000a\000p\000a\000k\000a}{section.5}% 36
\BOOKMARK [2][-]{subsection.5.2}{\376\377\000R\000u\000n\000g\000e\000-\000K\000u\000t\000t\000a\000\040\000m\000e\000t\000o\000d\000e}{section.5}% 37
\BOOKMARK [3][-]{subsubsection.5.2.1}{\376\377\000P\000r\000i\000m\000e\000r\000i\000\040\000R\000-\000K\000\040\000m\000e\000t\000o\000d}{subsection.5.2}% 38
\BOOKMARK [3][-]{subsubsection.5.2.2}{\376\377\000S\000i\000s\000t\000e\000m\000i\000\040\000d\000i\000f\000e\000r\000e\000n\000c\000i\000a\000l\000n\000i\000h\000\040\000e\000n\000a\001\015\000b\000\040\0001\000.\000\040\000r\000e\000d\000a}{subsection.5.2}% 39
\BOOKMARK [3][-]{subsubsection.5.2.3}{\376\377\000R\000e\001\141\000e\000v\000a\000n\000j\000e\000\040\000d\000i\000f\000e\000r\000e\000n\000c\000i\000a\000l\000n\000i\000h\000\040\000e\000n\000a\001\015\000b\000\040\000v\000i\001\141\000j\000e\000g\000a\000\040\000r\000e\000d\000a}{subsection.5.2}% 40
\BOOKMARK [2][-]{subsection.5.3}{\376\377\000V\000e\001\015\001\015\000l\000e\000n\000s\000k\000e\000\040\000m\000e\000t\000o\000d\000e}{section.5}% 41
\BOOKMARK [1][-]{section.6}{\376\377\000N\000u\000m\000e\000r\000i\001\015\000n\000o\000\040\000r\000a\001\015\000u\000n\000a\000n\000j\000e\000\040\000l\000a\000s\000t\000n\000i\000h\000\040\000v\000r\000e\000d\000n\000o\000s\000t\000i}{}% 42
\BOOKMARK [2][-]{subsection.6.1}{\376\377\000S\000c\000h\000u\000r\000o\000v\000a\000\040\000f\000o\000r\000m\000a}{section.6}% 43
\BOOKMARK [2][-]{subsection.6.2}{\376\377\000M\000e\000t\000o\000d\000e\000\040\000z\000a\000\040\000r\000a\001\015\000u\000n\000a\000n\000j\000e\000\040\000l\000a\000s\000t\000n\000i\000h\000\040\000v\000r\000e\000d\000n\000o\000s\000t\000i}{section.6}% 44
\BOOKMARK [3][-]{subsubsection.6.2.1}{\376\377\000P\000o\000t\000e\000n\001\015\000n\000a\000\040\000m\000e\000t\000o\000d\000a}{subsection.6.2}% 45
\BOOKMARK [3][-]{subsubsection.6.2.2}{\376\377\000I\000n\000v\000e\000r\000z\000n\000a\000\040\000i\000t\000e\000r\000a\000c\000i\000j\000a\000\040\000\050\000i\000n\000v\000e\000r\000z\000n\000a\000\040\000p\000o\000t\000e\000n\001\015\000n\000a\000\040\000m\000e\000t\000o\000d\000a\000\051}{subsection.6.2}% 46
\BOOKMARK [3][-]{subsubsection.6.2.3}{\376\377\000O\000r\000t\000o\000g\000o\000n\000a\000l\000n\000a\000\040\000i\000t\000e\000r\000a\000c\000i\000j\000a}{subsection.6.2}% 47
\BOOKMARK [3][-]{subsubsection.6.2.4}{\376\377\000Q\000R\000\040\000i\000t\000e\000r\000a\000c\000i\000j\000a\000\040\000\050\000o\000s\000n\000o\000v\000n\000a\000\040\000r\000a\000z\000l\000i\001\015\000i\000c\000a\000\051}{subsection.6.2}% 48
